<?xml version="1.0" encoding="UTF-8"?>
<Site BuildName="(empty)"
	BuildStamp="20250307-0909-Experimental"
	Name="(empty)"
	Generator="ctest-3.26.4"
	CompilerName=""
	CompilerVersion=""
	OSName="Windows"
	Hostname="DELL-SHED"
	OSRelease=" Professional"
	OSVersion=" (Build 9200)"
	OSPlatform="AMD64"
	Is64Bits="1"
	VendorString=""
	VendorID="Unknown Manufacturer"
	FamilyID="0"
	ModelID="0"
	ProcessorCacheSize="0"
	NumberOfLogicalCPU="12"
	NumberOfPhysicalCPU="6"
	TotalVirtualMemory="112560"
	TotalPhysicalMemory="98224"
	LogicalProcessorsPerPhysical="2"
	ProcessorClockFrequency="3492"
	>
	<Testing>
		<StartDateTime>Mar 07 18:03 Romance Standard Time</StartDateTime>
		<StartTestTime>1741366986</StartTestTime>
		<TestList/>
		<EndDateTime>Mar 07 18:03 Romance Standard Time</EndDateTime>
		<EndTestTime>1741366986</EndTestTime>
		<ElapsedMinutes>0</ElapsedMinutes>
	</Testing>
</Site>
